<?xml version="1.0" encoding="UTF-8"?>
<!-- Generated by org.testng.reporters.JUnitReportReporter -->
<testsuite skipped="0" hostname="PUKSHARMA.local" name="com.testSelenium.NewTest" tests="1" failures="0" timestamp="20 Mar 2017 12:43:58 GMT" time="3.495" errors="0">
  <testcase name="testMethod" time="3.495" classname="com.testSelenium.NewTest"/>
</testsuite> <!-- com.testSelenium.NewTest -->
